Epoch [0]:
Average Training Accuracy = 0.8173333406448364
  Training Covid Correct Prediction = 367, Total Covid Samples = 424, Covid Training Acc = 0.865566074848175
  Training Normal Correct Prediction = 479, Total Normal Samples = 572, Normal Training Acc = 0.8374125957489014
  Training Virus Correct Prediction = 380, Total Virus Samples = 504, Virus Training Acc = 0.72817462682724
Current epoch 0 total training loss: 60.15058898925781


Average Test Accuracy = 0.8947368421052632
  Testing Covid Correct Prediction = 95, Total Covid Samples = 112, Covid Testing Acc = 0.848214328289032
  Testing Normal Correct Prediction = 95, Total Normal Samples = 96, Normal Testing Acc = 0.9895833730697632
  Testing Virus Correct Prediction = 99, Total Virus Samples = 115, Virus Testing Acc = 0.8260869383811951




Epoch [1]:
Average Training Accuracy = 0.8846666812896729
  Training Covid Correct Prediction = 391, Total Covid Samples = 424, Covid Training Acc = 0.9221698045730591
  Training Normal Correct Prediction = 512, Total Normal Samples = 572, Normal Training Acc = 0.8951048851013184
  Training Virus Correct Prediction = 424, Total Virus Samples = 504, Virus Training Acc = 0.7757936716079712
Current epoch 1 total training loss: 31.245708465576172


Average Test Accuracy = 0.891640866873065
  Testing Covid Correct Prediction = 92, Total Covid Samples = 112, Covid Testing Acc = 0.8214285969734192
  Testing Normal Correct Prediction = 89, Total Normal Samples = 96, Normal Testing Acc = 0.9270833730697632
  Testing Virus Correct Prediction = 106, Total Virus Samples = 115, Virus Testing Acc = 0.7999999523162842




Epoch [2]:
Average Training Accuracy = 0.9086666703224182
  Training Covid Correct Prediction = 400, Total Covid Samples = 424, Covid Training Acc = 0.9433962106704712
  Training Normal Correct Prediction = 522, Total Normal Samples = 572, Normal Training Acc = 0.9125874042510986
  Training Virus Correct Prediction = 441, Total Virus Samples = 504, Virus Training Acc = 0.7936508655548096
Current epoch 2 total training loss: 23.798513412475586


Average Test Accuracy = 0.8844169246646026
  Testing Covid Correct Prediction = 108, Total Covid Samples = 112, Covid Testing Acc = 0.9642857313156128
  Testing Normal Correct Prediction = 64, Total Normal Samples = 96, Normal Testing Acc = 0.6666666865348816
  Testing Virus Correct Prediction = 109, Total Virus Samples = 115, Virus Testing Acc = 0.9391303658485413




Epoch [3]:
Average Training Accuracy = 0.909333348274231
  Training Covid Correct Prediction = 404, Total Covid Samples = 424, Covid Training Acc = 0.9528301954269409
  Training Normal Correct Prediction = 524, Total Normal Samples = 572, Normal Training Acc = 0.9160839319229126
  Training Virus Correct Prediction = 436, Total Virus Samples = 504, Virus Training Acc = 0.8015873432159424
Current epoch 3 total training loss: 25.132898330688477


Average Test Accuracy = 0.8947368421052632
  Testing Covid Correct Prediction = 106, Total Covid Samples = 112, Covid Testing Acc = 0.9464285969734192
  Testing Normal Correct Prediction = 80, Total Normal Samples = 96, Normal Testing Acc = 0.8333333730697632
  Testing Virus Correct Prediction = 113, Total Virus Samples = 115, Virus Testing Acc = 0.9217391014099121




Epoch [4]:
Average Training Accuracy = 0.9213333129882812
  Training Covid Correct Prediction = 403, Total Covid Samples = 424, Covid Training Acc = 0.9504716992378235
  Training Normal Correct Prediction = 533, Total Normal Samples = 572, Normal Training Acc = 0.9318181872367859
  Training Virus Correct Prediction = 446, Total Virus Samples = 504, Virus Training Acc = 0.7996032238006592
Current epoch 4 total training loss: 21.064912796020508


Average Test Accuracy = 0.8594427244582044
  Testing Covid Correct Prediction = 85, Total Covid Samples = 112, Covid Testing Acc = 0.7589285969734192
  Testing Normal Correct Prediction = 96, Total Normal Samples = 96, Normal Testing Acc = 1.0
  Testing Virus Correct Prediction = 51, Total Virus Samples = 115, Virus Testing Acc = 0.7391303777694702




Epoch [5]:
Average Training Accuracy = 0.9253333210945129
  Training Covid Correct Prediction = 404, Total Covid Samples = 424, Covid Training Acc = 0.9528301954269409
  Training Normal Correct Prediction = 533, Total Normal Samples = 572, Normal Training Acc = 0.9318181872367859
  Training Virus Correct Prediction = 451, Total Virus Samples = 504, Virus Training Acc = 0.8015873432159424
Current epoch 5 total training loss: 19.93479347229004


Average Test Accuracy = 0.8586171310629515
  Testing Covid Correct Prediction = 83, Total Covid Samples = 112, Covid Testing Acc = 0.7410714626312256
  Testing Normal Correct Prediction = 91, Total Normal Samples = 96, Normal Testing Acc = 0.9479166865348816
  Testing Virus Correct Prediction = 102, Total Virus Samples = 115, Virus Testing Acc = 0.7217391133308411




Epoch [6]:
Average Training Accuracy = 0.9266666769981384
  Training Covid Correct Prediction = 404, Total Covid Samples = 424, Covid Training Acc = 0.9528301954269409
  Training Normal Correct Prediction = 537, Total Normal Samples = 572, Normal Training Acc = 0.938811182975769
  Training Virus Correct Prediction = 449, Total Virus Samples = 504, Virus Training Acc = 0.8015873432159424
Current epoch 6 total training loss: 19.466829299926758


Average Test Accuracy = 0.871295886775763
  Testing Covid Correct Prediction = 109, Total Covid Samples = 112, Covid Testing Acc = 0.973214328289032
  Testing Normal Correct Prediction = 94, Total Normal Samples = 96, Normal Testing Acc = 0.9791666865348816
  Testing Virus Correct Prediction = 103, Total Virus Samples = 115, Virus Testing Acc = 0.9478260278701782




Epoch [7]:
Average Training Accuracy = 0.9333333373069763
  Training Covid Correct Prediction = 402, Total Covid Samples = 424, Covid Training Acc = 0.948113203048706
  Training Normal Correct Prediction = 540, Total Normal Samples = 572, Normal Training Acc = 0.9440559148788452
  Training Virus Correct Prediction = 458, Total Virus Samples = 504, Virus Training Acc = 0.797619104385376
Current epoch 7 total training loss: 17.43370819091797


Average Test Accuracy = 0.8742260061919505
  Testing Covid Correct Prediction = 112, Total Covid Samples = 112, Covid Testing Acc = 1.0
  Testing Normal Correct Prediction = 77, Total Normal Samples = 96, Normal Testing Acc = 0.8020833730697632
  Testing Virus Correct Prediction = 100, Total Virus Samples = 115, Virus Testing Acc = 0.9739130139350891




Epoch [8]:
Average Training Accuracy = 0.9393333196640015
  Training Covid Correct Prediction = 410, Total Covid Samples = 424, Covid Training Acc = 0.9669811725616455
  Training Normal Correct Prediction = 542, Total Normal Samples = 572, Normal Training Acc = 0.9475524425506592
  Training Virus Correct Prediction = 457, Total Virus Samples = 504, Virus Training Acc = 0.8134921193122864
Current epoch 8 total training loss: 19.316009521484375


Average Test Accuracy = 0.8833849329205367
  Testing Covid Correct Prediction = 107, Total Covid Samples = 112, Covid Testing Acc = 0.9553571939468384
  Testing Normal Correct Prediction = 93, Total Normal Samples = 96, Normal Testing Acc = 0.96875
  Testing Virus Correct Prediction = 109, Total Virus Samples = 115, Virus Testing Acc = 0.9304347634315491




Epoch [9]:
Average Training Accuracy = 0.9359999895095825
  Training Covid Correct Prediction = 407, Total Covid Samples = 424, Covid Training Acc = 0.9599056839942932
  Training Normal Correct Prediction = 538, Total Normal Samples = 572, Normal Training Acc = 0.940559446811676
  Training Virus Correct Prediction = 459, Total Virus Samples = 504, Virus Training Acc = 0.807539701461792
Current epoch 9 total training loss: 17.188020706176758


Average Test Accuracy = 0.8891640866873065
  Testing Covid Correct Prediction = 104, Total Covid Samples = 112, Covid Testing Acc = 0.9285714626312256
  Testing Normal Correct Prediction = 86, Total Normal Samples = 96, Normal Testing Acc = 0.8958333730697632
  Testing Virus Correct Prediction = 114, Total Virus Samples = 115, Virus Testing Acc = 0.9043477773666382




